<?xml version="1.0" encoding="UTF-8"?>
<!-- Generated by org.testng.reporters.JUnitReportReporter -->
<testsuite skipped="0" hostname="JAYALAKSHMI" name="maven.ex1" tests="1" failures="0" timestamp="2022-07-22T11:55:36 IST" time="10.553" errors="0">
  <testcase name="f" time="10.553" classname="maven.ex1"/>
  <system-out/>
</testsuite> <!-- maven.ex1 -->
