<?xml version="1.0" encoding="UTF-8"?>
<!-- Generated by org.testng.reporters.JUnitReportReporter -->
<testsuite skipped="0" hostname="JAYALAKSHMI" name="maven.workingwithelements" tests="1" failures="0" timestamp="2022-07-27T13:01:53 IST" time="12.272" errors="0">
  <testcase name="testcase4" time="12.272" classname="maven.workingwithelements"/>
  <system-out/>
</testsuite> <!-- maven.workingwithelements -->
