<?xml version="1.0" encoding="UTF-8"?>
<!-- Generated by org.testng.reporters.JUnitReportReporter -->
<testsuite skipped="0" hostname="JAYALAKSHMI" name="maven.Elearning" tests="1" failures="0" timestamp="2022-07-27T11:03:02 IST" time="9.079" errors="0">
  <testcase name="f" time="9.079" classname="maven.Elearning"/>
  <system-out/>
</testsuite> <!-- maven.Elearning -->
